This is pdfTeX, Version 3.14159265-2.6-1.40.17 (MiKTeX 2.9 64-bit) (preloaded format=pdflatex 2016.7.5)  22 APR 2017 20:34
entering extended mode
**./Report.tex
(Report.tex
LaTeX2e <2016/03/31>
Babel <3.9r> and hyphenation patterns for 75 language(s) loaded.
("C:\Program Files\MiKTeX 2.9\tex\latex\koma-script\scrartcl.cls"
Document Class: scrartcl 2016/05/10 v3.20 KOMA-Script document class (article)
("C:\Program Files\MiKTeX 2.9\tex\latex\koma-script\scrkbase.sty"
Package: scrkbase 2016/05/10 v3.20 KOMA-Script package (KOMA-Script-dependent b
asics and keyval usage)

("C:\Program Files\MiKTeX 2.9\tex\latex\koma-script\scrbase.sty"
Package: scrbase 2016/05/10 v3.20 KOMA-Script package (KOMA-Script-independent 
basics and keyval usage)

("C:\Program Files\MiKTeX 2.9\tex\latex\graphics\keyval.sty"
Package: keyval 2014/10/28 v1.15 key=value parser (DPC)
\KV@toks@=\toks14
)
("C:\Program Files\MiKTeX 2.9\tex\latex\koma-script\scrlfile.sty"
Package: scrlfile 2016/05/10 v3.20 KOMA-Script package (loading files)

Package scrlfile, 2016/05/10 v3.20 KOMA-Script package (loading files)
                  Copyright (C) Markus Kohm

))) ("C:\Program Files\MiKTeX 2.9\tex\latex\koma-script\tocbasic.sty"
Package: tocbasic 2016/05/10 v3.20 KOMA-Script package (handling toc-files)
\scr@dte@tocline@numberwidth=\skip41
\scr@dte@tocline@numbox=\box26
)
Package tocbasic Info: omitting babel extension for `toc'
(tocbasic)             because of feature `nobabel' available
(tocbasic)             for `toc' on input line 130.
Package tocbasic Info: omitting babel extension for `lof'
(tocbasic)             because of feature `nobabel' available
(tocbasic)             for `lof' on input line 131.
Package tocbasic Info: omitting babel extension for `lot'
(tocbasic)             because of feature `nobabel' available
(tocbasic)             for `lot' on input line 132.
Class scrartcl Info: File `scrsize12pt.clo' used to setup font sizes on input l
ine 2051.

("C:\Program Files\MiKTeX 2.9\tex\latex\koma-script\scrsize12pt.clo"
File: scrsize12pt.clo 2016/05/10 v3.20 KOMA-Script font size class option (12pt
)
)
("C:\Program Files\MiKTeX 2.9\tex\latex\koma-script\typearea.sty"
Package: typearea 2016/05/10 v3.20 KOMA-Script package (type area)

Package typearea, 2016/05/10 v3.20 KOMA-Script package (type area)
                  Copyright (C) Frank Neukam, 1992-1994
                  Copyright (C) Markus Kohm, 1994-

\ta@bcor=\skip42
\ta@div=\count79
\ta@hblk=\skip43
\ta@vblk=\skip44
\ta@temp=\skip45
\footheight=\skip46
Package typearea Info: These are the values describing the layout:
(typearea)             DIV  = 12
(typearea)             BCOR = 0.0pt
(typearea)             \paperwidth      = 597.50793pt
(typearea)              \textwidth      = 448.13095pt
(typearea)              DIV departure   = -6%
(typearea)              \evensidemargin = 2.4185pt
(typearea)              \oddsidemargin  = 2.4185pt
(typearea)             \paperheight     = 845.04694pt
(typearea)              \textheight     = 635.5pt
(typearea)              \topmargin      = -41.72441pt
(typearea)              \headheight     = 18.125pt
(typearea)              \headsep        = 21.75pt
(typearea)              \topskip        = 12.0pt
(typearea)              \footskip       = 50.75pt
(typearea)              \baselineskip   = 14.5pt
(typearea)              on input line 1528.
)
\c@part=\count80
\c@section=\count81
\c@subsection=\count82
\c@subsubsection=\count83
\c@paragraph=\count84
\c@subparagraph=\count85
\scr@dte@part@maxnumwidth=\skip47
\scr@dte@section@maxnumwidth=\skip48
\scr@dte@subsection@maxnumwidth=\skip49
\scr@dte@subsubsection@maxnumwidth=\skip50
\scr@dte@paragraph@maxnumwidth=\skip51
\scr@dte@subparagraph@maxnumwidth=\skip52
LaTeX Info: Redefining \textsubscript on input line 4025.
\abovecaptionskip=\skip53
\belowcaptionskip=\skip54
\c@pti@nb@sid@b@x=\box27
\c@figure=\count86
\c@table=\count87
Class scrartcl Info: Redefining `\numberline' on input line 5012.
\bibindent=\dimen102
) ("C:\Program Files\MiKTeX 2.9\tex\latex\graphics\graphicx.sty"
Package: graphicx 2014/10/28 v1.0g Enhanced LaTeX Graphics (DPC,SPQR)

("C:\Program Files\MiKTeX 2.9\tex\latex\graphics\graphics.sty"
Package: graphics 2016/05/09 v1.0r Standard LaTeX Graphics (DPC,SPQR)

("C:\Program Files\MiKTeX 2.9\tex\latex\graphics\trig.sty"
Package: trig 2016/01/03 v1.10 sin cos tan (DPC)
)
("C:\Program Files\MiKTeX 2.9\tex\latex\00miktex\graphics.cfg"
File: graphics.cfg 2016/01/02 v1.10 sample graphics configuration
)
Package graphics Info: Driver file: pdftex.def on input line 96.

("C:\Program Files\MiKTeX 2.9\tex\latex\pdftex-def\pdftex.def"
File: pdftex.def 2011/05/27 v0.06d Graphics/color for pdfTeX

("C:\Program Files\MiKTeX 2.9\tex\generic\oberdiek\infwarerr.sty"
Package: infwarerr 2016/05/16 v1.4 Providing info/warning/error messages (HO)
)
("C:\Program Files\MiKTeX 2.9\tex\generic\oberdiek\ltxcmds.sty"
Package: ltxcmds 2016/05/16 v1.23 LaTeX kernel commands for general use (HO)
)
\Gread@gobject=\count88
))
\Gin@req@height=\dimen103
\Gin@req@width=\dimen104
)
("C:\Program Files\MiKTeX 2.9\tex\latex\graphics\color.sty"
Package: color 2016/05/09 v1.1c Standard LaTeX Color (DPC)

("C:\Program Files\MiKTeX 2.9\tex\latex\00miktex\color.cfg"
File: color.cfg 2016/01/02 v1.6 sample color configuration
)
Package color Info: Driver file: pdftex.def on input line 144.
)
("C:\Program Files\MiKTeX 2.9\tex\latex\upquote\upquote.sty"
Package: upquote 2012/04/19 v1.3 upright-quote and grave-accent glyphs in verba
tim
)
("C:\Program Files\MiKTeX 2.9\tex\latex\framed\framed.sty"
Package: framed 2011/10/22 v 0.96: framed or shaded text with page breaks
\OuterFrameSep=\skip55
\fb@frw=\dimen105
\fb@frh=\dimen106
\FrameRule=\dimen107
\FrameSep=\dimen108
)
("C:\Program Files\MiKTeX 2.9\tex\latex\base\alltt.sty"
Package: alltt 1997/06/16 v2.0g defines alltt environment
)
("C:\Program Files\MiKTeX 2.9\tex\latex\base\fontenc.sty"
Package: fontenc 2005/09/27 v1.99g Standard LaTeX package

("C:\Program Files\MiKTeX 2.9\tex\latex\base\t1enc.def"
File: t1enc.def 2005/09/27 v1.99g Standard LaTeX file
LaTeX Font Info:    Redeclaring font encoding T1 on input line 48.
))
("C:\Program Files\MiKTeX 2.9\tex\latex\fourier\fourier.sty"
Package: fourier 2005/01/01 1.4 fourier-GUTenberg package

("C:\Program Files\MiKTeX 2.9\tex\latex\base\fontenc.sty"
Package: fontenc 2005/09/27 v1.99g Standard LaTeX package

("C:\Program Files\MiKTeX 2.9\tex\latex\base\t1enc.def"
File: t1enc.def 2005/09/27 v1.99g Standard LaTeX file
LaTeX Font Info:    Redeclaring font encoding T1 on input line 48.
))
("C:\Program Files\MiKTeX 2.9\tex\latex\base\textcomp.sty"
Package: textcomp 2005/09/27 v1.99g Standard LaTeX package
Package textcomp Info: Sub-encoding information:
(textcomp)               5 = only ISO-Adobe without \textcurrency
(textcomp)               4 = 5 + \texteuro
(textcomp)               3 = 4 + \textohm
(textcomp)               2 = 3 + \textestimated + \textcurrency
(textcomp)               1 = TS1 - \textcircled - \t
(textcomp)               0 = TS1 (full)
(textcomp)             Font families with sub-encoding setting implement
(textcomp)             only a restricted character set as indicated.
(textcomp)             Family '?' is the default used for unknown fonts.
(textcomp)             See the documentation for details.
Package textcomp Info: Setting ? sub-encoding to TS1/1 on input line 79.

("C:\Program Files\MiKTeX 2.9\tex\latex\base\ts1enc.def"
File: ts1enc.def 2001/06/05 v3.0e (jk/car/fm) Standard LaTeX file
)
LaTeX Info: Redefining \oldstylenums on input line 334.
Package textcomp Info: Setting cmr sub-encoding to TS1/0 on input line 349.
Package textcomp Info: Setting cmss sub-encoding to TS1/0 on input line 350.
Package textcomp Info: Setting cmtt sub-encoding to TS1/0 on input line 351.
Package textcomp Info: Setting cmvtt sub-encoding to TS1/0 on input line 352.
Package textcomp Info: Setting cmbr sub-encoding to TS1/0 on input line 353.
Package textcomp Info: Setting cmtl sub-encoding to TS1/0 on input line 354.
Package textcomp Info: Setting ccr sub-encoding to TS1/0 on input line 355.
Package textcomp Info: Setting ptm sub-encoding to TS1/4 on input line 356.
Package textcomp Info: Setting pcr sub-encoding to TS1/4 on input line 357.
Package textcomp Info: Setting phv sub-encoding to TS1/4 on input line 358.
Package textcomp Info: Setting ppl sub-encoding to TS1/3 on input line 359.
Package textcomp Info: Setting pag sub-encoding to TS1/4 on input line 360.
Package textcomp Info: Setting pbk sub-encoding to TS1/4 on input line 361.
Package textcomp Info: Setting pnc sub-encoding to TS1/4 on input line 362.
Package textcomp Info: Setting pzc sub-encoding to TS1/4 on input line 363.
Package textcomp Info: Setting bch sub-encoding to TS1/4 on input line 364.
Package textcomp Info: Setting put sub-encoding to TS1/5 on input line 365.
Package textcomp Info: Setting uag sub-encoding to TS1/5 on input line 366.
Package textcomp Info: Setting ugq sub-encoding to TS1/5 on input line 367.
Package textcomp Info: Setting ul8 sub-encoding to TS1/4 on input line 368.
Package textcomp Info: Setting ul9 sub-encoding to TS1/4 on input line 369.
Package textcomp Info: Setting augie sub-encoding to TS1/5 on input line 370.
Package textcomp Info: Setting dayrom sub-encoding to TS1/3 on input line 371.
Package textcomp Info: Setting dayroms sub-encoding to TS1/3 on input line 372.

Package textcomp Info: Setting pxr sub-encoding to TS1/0 on input line 373.
Package textcomp Info: Setting pxss sub-encoding to TS1/0 on input line 374.
Package textcomp Info: Setting pxtt sub-encoding to TS1/0 on input line 375.
Package textcomp Info: Setting txr sub-encoding to TS1/0 on input line 376.
Package textcomp Info: Setting txss sub-encoding to TS1/0 on input line 377.
Package textcomp Info: Setting txtt sub-encoding to TS1/0 on input line 378.
Package textcomp Info: Setting lmr sub-encoding to TS1/0 on input line 379.
Package textcomp Info: Setting lmdh sub-encoding to TS1/0 on input line 380.
Package textcomp Info: Setting lmss sub-encoding to TS1/0 on input line 381.
Package textcomp Info: Setting lmssq sub-encoding to TS1/0 on input line 382.
Package textcomp Info: Setting lmvtt sub-encoding to TS1/0 on input line 383.
Package textcomp Info: Setting lmtt sub-encoding to TS1/0 on input line 384.
Package textcomp Info: Setting qhv sub-encoding to TS1/0 on input line 385.
Package textcomp Info: Setting qag sub-encoding to TS1/0 on input line 386.
Package textcomp Info: Setting qbk sub-encoding to TS1/0 on input line 387.
Package textcomp Info: Setting qcr sub-encoding to TS1/0 on input line 388.
Package textcomp Info: Setting qcs sub-encoding to TS1/0 on input line 389.
Package textcomp Info: Setting qpl sub-encoding to TS1/0 on input line 390.
Package textcomp Info: Setting qtm sub-encoding to TS1/0 on input line 391.
Package textcomp Info: Setting qzc sub-encoding to TS1/0 on input line 392.
Package textcomp Info: Setting qhvc sub-encoding to TS1/0 on input line 393.
Package textcomp Info: Setting futs sub-encoding to TS1/4 on input line 394.
Package textcomp Info: Setting futx sub-encoding to TS1/4 on input line 395.
Package textcomp Info: Setting futj sub-encoding to TS1/4 on input line 396.
Package textcomp Info: Setting hlh sub-encoding to TS1/3 on input line 397.
Package textcomp Info: Setting hls sub-encoding to TS1/3 on input line 398.
Package textcomp Info: Setting hlst sub-encoding to TS1/3 on input line 399.
Package textcomp Info: Setting hlct sub-encoding to TS1/5 on input line 400.
Package textcomp Info: Setting hlx sub-encoding to TS1/5 on input line 401.
Package textcomp Info: Setting hlce sub-encoding to TS1/5 on input line 402.
Package textcomp Info: Setting hlcn sub-encoding to TS1/5 on input line 403.
Package textcomp Info: Setting hlcw sub-encoding to TS1/5 on input line 404.
Package textcomp Info: Setting hlcf sub-encoding to TS1/5 on input line 405.
Package textcomp Info: Setting pplx sub-encoding to TS1/3 on input line 406.
Package textcomp Info: Setting pplj sub-encoding to TS1/3 on input line 407.
Package textcomp Info: Setting ptmx sub-encoding to TS1/4 on input line 408.
Package textcomp Info: Setting ptmj sub-encoding to TS1/4 on input line 409.
)
("C:\Program Files\MiKTeX 2.9\tex\latex\fourier\fourier-orns.sty"
Package: fourier-orns 2004/01/30 1.1 fourier-ornaments package
)
LaTeX Font Info:    Redeclaring symbol font `operators' on input line 50.
LaTeX Font Info:    Encoding `OT1' has changed to `T1' for symbol font
(Font)              `operators' in the math version `normal' on input line 50.
LaTeX Font Info:    Overwriting symbol font `operators' in version `normal'
(Font)                  OT1/cmr/m/n --> T1/futs/m/n on input line 50.
LaTeX Font Info:    Encoding `OT1' has changed to `T1' for symbol font
(Font)              `operators' in the math version `bold' on input line 50.
LaTeX Font Info:    Overwriting symbol font `operators' in version `bold'
(Font)                  OT1/cmr/bx/n --> T1/futs/m/n on input line 50.
LaTeX Font Info:    Overwriting symbol font `operators' in version `bold'
(Font)                  T1/futs/m/n --> T1/futs/b/n on input line 51.
LaTeX Font Info:    Redeclaring symbol font `letters' on input line 59.
LaTeX Font Info:    Encoding `OML' has changed to `FML' for symbol font
(Font)              `letters' in the math version `normal' on input line 59.
LaTeX Font Info:    Overwriting symbol font `letters' in version `normal'
(Font)                  OML/cmm/m/it --> FML/futmi/m/it on input line 59.
LaTeX Font Info:    Encoding `OML' has changed to `FML' for symbol font
(Font)              `letters' in the math version `bold' on input line 59.
LaTeX Font Info:    Overwriting symbol font `letters' in version `bold'
(Font)                  OML/cmm/b/it --> FML/futmi/m/it on input line 59.
\symotherletters=\mathgroup4
LaTeX Font Info:    Overwriting symbol font `letters' in version `bold'
(Font)                  FML/futmi/m/it --> FML/futmi/b/it on input line 61.
LaTeX Font Info:    Overwriting symbol font `otherletters' in version `bold'
(Font)                  FML/futm/m/it --> FML/futm/b/it on input line 62.
LaTeX Font Info:    Redeclaring math symbol \Gamma on input line 63.
LaTeX Font Info:    Redeclaring math symbol \Delta on input line 64.
LaTeX Font Info:    Redeclaring math symbol \Theta on input line 65.
LaTeX Font Info:    Redeclaring math symbol \Lambda on input line 66.
LaTeX Font Info:    Redeclaring math symbol \Xi on input line 67.
LaTeX Font Info:    Redeclaring math symbol \Pi on input line 68.
LaTeX Font Info:    Redeclaring math symbol \Sigma on input line 69.
LaTeX Font Info:    Redeclaring math symbol \Upsilon on input line 70.
LaTeX Font Info:    Redeclaring math symbol \Phi on input line 71.
LaTeX Font Info:    Redeclaring math symbol \Psi on input line 72.
LaTeX Font Info:    Redeclaring math symbol \Omega on input line 73.
LaTeX Font Info:    Redeclaring symbol font `symbols' on input line 113.
LaTeX Font Info:    Encoding `OMS' has changed to `FMS' for symbol font
(Font)              `symbols' in the math version `normal' on input line 113.
LaTeX Font Info:    Overwriting symbol font `symbols' in version `normal'
(Font)                  OMS/cmsy/m/n --> FMS/futm/m/n on input line 113.
LaTeX Font Info:    Encoding `OMS' has changed to `FMS' for symbol font
(Font)              `symbols' in the math version `bold' on input line 113.
LaTeX Font Info:    Overwriting symbol font `symbols' in version `bold'
(Font)                  OMS/cmsy/b/n --> FMS/futm/m/n on input line 113.
LaTeX Font Info:    Redeclaring symbol font `largesymbols' on input line 114.
LaTeX Font Info:    Encoding `OMX' has changed to `FMX' for symbol font
(Font)              `largesymbols' in the math version `normal' on input line 1
14.
LaTeX Font Info:    Overwriting symbol font `largesymbols' in version `normal'
(Font)                  OMX/cmex/m/n --> FMX/futm/m/n on input line 114.
LaTeX Font Info:    Encoding `OMX' has changed to `FMX' for symbol font
(Font)              `largesymbols' in the math version `bold' on input line 114
.
LaTeX Font Info:    Overwriting symbol font `largesymbols' in version `bold'
(Font)                  OMX/cmex/m/n --> FMX/futm/m/n on input line 114.
LaTeX Font Info:    Redeclaring math alphabet \mathbf on input line 115.
LaTeX Font Info:    Overwriting math alphabet `\mathbf' in version `normal'
(Font)                  OT1/cmr/bx/n --> T1/futs/bx/n on input line 115.
LaTeX Font Info:    Overwriting math alphabet `\mathbf' in version `bold'
(Font)                  OT1/cmr/bx/n --> T1/futs/bx/n on input line 115.
LaTeX Font Info:    Redeclaring math alphabet \mathrm on input line 116.
LaTeX Font Info:    Redeclaring math alphabet \mathit on input line 117.
LaTeX Font Info:    Overwriting math alphabet `\mathit' in version `normal'
(Font)                  OT1/cmr/m/it --> T1/futs/m/it on input line 117.
LaTeX Font Info:    Overwriting math alphabet `\mathit' in version `bold'
(Font)                  OT1/cmr/bx/it --> T1/futs/m/it on input line 117.
LaTeX Font Info:    Redeclaring math alphabet \mathcal on input line 118.
LaTeX Font Info:    Redeclaring math symbol \parallel on input line 134.
LaTeX Font Info:    Redeclaring math symbol \hbar on input line 148.
LaTeX Font Info:    Redeclaring math symbol \varkappa on input line 186.
LaTeX Font Info:    Redeclaring math symbol \varvarrho on input line 187.
LaTeX Font Info:    Redeclaring math delimiter \Vert on input line 210.
LaTeX Font Info:    Redeclaring math delimiter \vert on input line 215.
LaTeX Font Info:    Redeclaring math delimiter \Downarrow on input line 225.
LaTeX Font Info:    Redeclaring math delimiter \backslash on input line 227.
LaTeX Font Info:    Redeclaring math delimiter \rangle on input line 229.
LaTeX Font Info:    Redeclaring math delimiter \langle on input line 231.
LaTeX Font Info:    Redeclaring math delimiter \rbrace on input line 233.
LaTeX Font Info:    Redeclaring math delimiter \lbrace on input line 235.
LaTeX Font Info:    Redeclaring math delimiter \rceil on input line 237.
LaTeX Font Info:    Redeclaring math delimiter \lceil on input line 239.
LaTeX Font Info:    Redeclaring math delimiter \rfloor on input line 241.
LaTeX Font Info:    Redeclaring math delimiter \lfloor on input line 243.
LaTeX Font Info:    Redeclaring math accent \acute on input line 247.
LaTeX Font Info:    Redeclaring math accent \grave on input line 248.
LaTeX Font Info:    Redeclaring math accent \ddot on input line 249.
LaTeX Font Info:    Redeclaring math accent \tilde on input line 250.
LaTeX Font Info:    Redeclaring math accent \bar on input line 251.
LaTeX Font Info:    Redeclaring math accent \breve on input line 252.
LaTeX Font Info:    Redeclaring math accent \check on input line 253.
LaTeX Font Info:    Redeclaring math accent \hat on input line 254.
LaTeX Font Info:    Redeclaring math accent \dot on input line 255.
LaTeX Font Info:    Redeclaring math accent \mathring on input line 256.
\symUfutm=\mathgroup5
)
("C:\Program Files\MiKTeX 2.9\tex\generic\babel\babel.sty"
Package: babel 2016/04/23 3.9r The Babel package

*************************************
* Local config file bblopts.cfg used
*
("C:\Program Files\MiKTeX 2.9\tex\latex\arabi\bblopts.cfg"
File: bblopts.cfg 2005/09/08 v0.1 add Arabic and Farsi to "declared" options of
 babel
)
("C:\Program Files\MiKTeX 2.9\tex\latex\babel-english\english.ldf"
Language: english 2012/08/20 v3.3p English support from the babel system

("C:\Program Files\MiKTeX 2.9\tex\generic\babel\babel.def"
File: babel.def 2016/04/23 3.9r Babel common definitions
\babel@savecnt=\count89
\U@D=\dimen109
)
\l@canadian = a dialect from \language\l@american 
\l@australian = a dialect from \language\l@british 
\l@newzealand = a dialect from \language\l@british 
))
("C:\Program Files\MiKTeX 2.9\tex\latex\amsmath\amsmath.sty"
Package: amsmath 2016/03/10 v2.15b AMS math features
\@mathmargin=\skip56

For additional information on amsmath, use the `?' option.
("C:\Program Files\MiKTeX 2.9\tex\latex\amsmath\amstext.sty"
Package: amstext 2000/06/29 v2.01 AMS text

("C:\Program Files\MiKTeX 2.9\tex\latex\amsmath\amsgen.sty"
File: amsgen.sty 1999/11/30 v2.0 generic functions
\@emptytoks=\toks15
\ex@=\dimen110
))
("C:\Program Files\MiKTeX 2.9\tex\latex\amsmath\amsbsy.sty"
Package: amsbsy 1999/11/29 v1.2d Bold Symbols
\pmbraise@=\dimen111
)
("C:\Program Files\MiKTeX 2.9\tex\latex\amsmath\amsopn.sty"
Package: amsopn 2016/03/08 v2.02 operator names
)
\inf@bad=\count90
LaTeX Info: Redefining \frac on input line 199.
\uproot@=\count91
\leftroot@=\count92
LaTeX Info: Redefining \overline on input line 297.
\classnum@=\count93
\DOTSCASE@=\count94
LaTeX Info: Redefining \ldots on input line 394.
LaTeX Info: Redefining \dots on input line 397.
LaTeX Info: Redefining \cdots on input line 518.
\Mathstrutbox@=\box28
\strutbox@=\box29
\big@size=\dimen112
LaTeX Font Info:    Redeclaring font encoding OML on input line 634.
LaTeX Font Info:    Redeclaring font encoding OMS on input line 635.
\macc@depth=\count95
\c@MaxMatrixCols=\count96
\dotsspace@=\muskip10
\c@parentequation=\count97
\dspbrk@lvl=\count98
\tag@help=\toks16
\row@=\count99
\column@=\count100
\maxfields@=\count101
\andhelp@=\toks17
\eqnshift@=\dimen113
\alignsep@=\dimen114
\tagshift@=\dimen115
\tagwidth@=\dimen116
\totwidth@=\dimen117
\lineht@=\dimen118
\@envbody=\toks18
\multlinegap=\skip57
\multlinetaggap=\skip58
\mathdisplay@stack=\toks19
LaTeX Info: Redefining \[ on input line 2739.
LaTeX Info: Redefining \] on input line 2740.
)
("C:\Program Files\MiKTeX 2.9\tex\latex\amsfonts\amsfonts.sty"
Package: amsfonts 2013/01/14 v3.01 Basic AMSFonts support
\symAMSa=\mathgroup6
\symAMSb=\mathgroup7
LaTeX Font Info:    Overwriting math alphabet `\mathfrak' in version `bold'
(Font)                  U/euf/m/n --> U/euf/b/n on input line 106.
LaTeX Font Info:    Redeclaring math symbol \square on input line 141.
)
("C:\Program Files\MiKTeX 2.9\tex\latex\amscls\amsthm.sty"
Package: amsthm 2015/03/04 v2.20.2
\thm@style=\toks20
\thm@bodyfont=\toks21
\thm@headfont=\toks22
\thm@notefont=\toks23
\thm@headpunct=\toks24
\thm@preskip=\skip59
\thm@postskip=\skip60
\thm@headsep=\skip61
\dth@everypar=\toks25
)
("C:\Program Files\MiKTeX 2.9\tex\latex\lipsum\lipsum.sty"
Package: lipsum 2014/07/27 v1.3 150 paragraphs of Lorem Ipsum dummy text
\c@lips@count=\count102
)
("C:\Program Files\MiKTeX 2.9\tex\latex\pdfpages\pdfpages.sty"
Package: pdfpages 2016/04/19 v0.5f Insert pages of external PDF documents (AM)

("C:\Program Files\MiKTeX 2.9\tex\latex\base\ifthen.sty"
Package: ifthen 2014/09/29 v1.1c Standard LaTeX ifthen package (DPC)
)
("C:\Program Files\MiKTeX 2.9\tex\latex\tools\calc.sty"
Package: calc 2014/10/28 v4.3 Infix arithmetic (KKT,FJ)
\calc@Acount=\count103
\calc@Bcount=\count104
\calc@Adimen=\dimen119
\calc@Bdimen=\dimen120
\calc@Askip=\skip62
\calc@Bskip=\skip63
LaTeX Info: Redefining \setlength on input line 80.
LaTeX Info: Redefining \addtolength on input line 81.
\calc@Ccount=\count105
\calc@Cskip=\skip64
)
("C:\Program Files\MiKTeX 2.9\tex\latex\eso-pic\eso-pic.sty"
Package: eso-pic 2015/07/21 v2.0g eso-pic (RN)

("C:\Program Files\MiKTeX 2.9\tex\generic\oberdiek\atbegshi.sty"
Package: atbegshi 2016/05/16 v1.17 At begin shipout hook (HO)

("C:\Program Files\MiKTeX 2.9\tex\generic\oberdiek\ifpdf.sty"
Package: ifpdf 2016/05/14 v3.1 Provides the ifpdf switch
)))
\AM@pagewidth=\dimen121
\AM@pageheight=\dimen122

("C:\Program Files\MiKTeX 2.9\tex\latex\pdfpages\pppdftex.def"
File: pppdftex.def 2016/04/19 v0.5f Pdfpages driver for pdfTeX (AM)
)
\AM@pagebox=\box30
\AM@global@opts=\toks26
\AM@toc@title=\toks27
\c@AM@survey=\count106
\AM@templatesizebox=\box31
)
("C:\Program Files\MiKTeX 2.9\tex\latex\sectsty\sectsty.sty"
Package: sectsty 2002/02/25 v2.0.2 Commands to change all sectional heading sty
les
)
("C:\Program Files\MiKTeX 2.9\tex\latex\algorithms\algorithmic.sty"
Package: algorithmic 2009/08/24 v0.1 Document Style `algorithmic'
\c@ALC@unique=\count107
\c@ALC@line=\count108
\c@ALC@rem=\count109
\c@ALC@depth=\count110
\ALC@tlm=\skip65
\algorithmicindent=\skip66
)
("C:\Program Files\MiKTeX 2.9\tex\latex\algorithms\algorithm.sty"
Package: algorithm 2009/08/24 v0.1 Document Style `algorithm' - floating enviro
nment

("C:\Program Files\MiKTeX 2.9\tex\latex\float\float.sty"
Package: float 2001/11/08 v1.3d Float enhancements (AL)
\c@float@type=\count111
\float@exts=\toks28
\float@box=\box32
\@float@everytoks=\toks29
\@floatcapt=\box33
)
\@float@every@algorithm=\toks30
\c@algorithm=\count112
)

Class scrartcl Warning: Usage of package `fancyhdr' together
(scrartcl)              with a KOMA-Script class is not recommended.
(scrartcl)              I'd suggest to use 
(scrartcl)              package `scrlayer-scrpage'.
(scrartcl)              Nevertheless, using requested
(scrartcl)              package `fancyhdr' on input line 90.

("C:\Program Files\MiKTeX 2.9\tex\latex\fancyhdr\fancyhdr.sty"
\fancy@headwidth=\skip67
\f@ncyO@elh=\skip68
\f@ncyO@erh=\skip69
\f@ncyO@olh=\skip70
\f@ncyO@orh=\skip71
\f@ncyO@elf=\skip72
\f@ncyO@erf=\skip73
\f@ncyO@olf=\skip74
\f@ncyO@orf=\skip75
) (Report.aux

LaTeX Warning: Label `simPlot' multiply defined.

)
\openout1 = `Report.aux'.

LaTeX Font Info:    Checking defaults for OML/cmm/m/it on input line 124.
LaTeX Font Info:    ... okay on input line 124.
LaTeX Font Info:    Checking defaults for T1/cmr/m/n on input line 124.
LaTeX Font Info:    ... okay on input line 124.
LaTeX Font Info:    Checking defaults for OT1/cmr/m/n on input line 124.
LaTeX Font Info:    ... okay on input line 124.
LaTeX Font Info:    Checking defaults for OMS/cmsy/m/n on input line 124.
LaTeX Font Info:    ... okay on input line 124.
LaTeX Font Info:    Checking defaults for OMX/cmex/m/n on input line 124.
LaTeX Font Info:    ... okay on input line 124.
LaTeX Font Info:    Checking defaults for U/cmr/m/n on input line 124.
LaTeX Font Info:    ... okay on input line 124.
LaTeX Font Info:    Checking defaults for FML/futm/m/it on input line 124.
LaTeX Font Info:    Try loading font information for FML+futm on input line 124
.
 ("C:\Program Files\MiKTeX 2.9\tex\latex\fourier\fmlfutm.fd"
File: fmlfutm.fd 2004/10/30 Fontinst v1.926 font definitions for FML/futm.
)
LaTeX Font Info:    ... okay on input line 124.
LaTeX Font Info:    Checking defaults for FMS/futm/m/n on input line 124.
LaTeX Font Info:    Try loading font information for FMS+futm on input line 124
.

("C:\Program Files\MiKTeX 2.9\tex\latex\fourier\fmsfutm.fd"
File: fmsfutm.fd 2004/10/30 Fontinst v1.926 font definitions for FMS/futm.
)
LaTeX Font Info:    ... okay on input line 124.
LaTeX Font Info:    Checking defaults for FMX/futm/m/n on input line 124.
LaTeX Font Info:    Try loading font information for FMX+futm on input line 124
.

("C:\Program Files\MiKTeX 2.9\tex\latex\fourier\fmxfutm.fd"
File: fmxfutm.fd futm-extension
)
LaTeX Font Info:    ... okay on input line 124.
LaTeX Font Info:    Checking defaults for TS1/cmr/m/n on input line 124.
LaTeX Font Info:    Try loading font information for TS1+cmr on input line 124.


("C:\Program Files\MiKTeX 2.9\tex\latex\base\ts1cmr.fd"
File: ts1cmr.fd 2014/09/29 v2.5h Standard LaTeX font definitions
)
LaTeX Font Info:    ... okay on input line 124.
LaTeX Font Info:    Try loading font information for T1+futs on input line 124.


("C:\Program Files\MiKTeX 2.9\tex\latex\fourier\t1futs.fd"
File: t1futs.fd 2004/03/02 Fontinst v1.926 font definitions for T1/futs.
)
("C:\Program Files\MiKTeX 2.9\tex\context\base\supp-pdf.mkii"
[Loading MPS to PDF converter (version 2006.09.02).]
\scratchcounter=\count113
\scratchdimen=\dimen123
\scratchbox=\box34
\nofMPsegments=\count114
\nofMParguments=\count115
\everyMPshowfont=\toks31
\MPscratchCnt=\count116
\MPscratchDim=\dimen124
\MPnumerator=\count117
\makeMPintoPDFobject=\count118
\everyMPtoPDFconversion=\toks32
) ("C:\Program Files\MiKTeX 2.9\tex\generic\oberdiek\pdftexcmds.sty"
Package: pdftexcmds 2016/05/21 v0.22 Utility functions of pdfTeX for LuaTeX (HO
)

("C:\Program Files\MiKTeX 2.9\tex\generic\oberdiek\ifluatex.sty"
Package: ifluatex 2016/05/16 v1.4 Provides the ifluatex switch (HO)
Package ifluatex Info: LuaTeX not detected.
)
Package pdftexcmds Info: LuaTeX not detected.
Package pdftexcmds Info: \pdf@primitive is available.
Package pdftexcmds Info: \pdf@ifprimitive is available.
Package pdftexcmds Info: \pdfdraftmode found.
)
("C:\Program Files\MiKTeX 2.9\tex\latex\oberdiek\epstopdf-base.sty"
Package: epstopdf-base 2016/05/15 v2.6 Base part for package epstopdf

("C:\Program Files\MiKTeX 2.9\tex\latex\oberdiek\grfext.sty"
Package: grfext 2016/05/16 v1.2 Manage graphics extensions (HO)

("C:\Program Files\MiKTeX 2.9\tex\generic\oberdiek\kvdefinekeys.sty"
Package: kvdefinekeys 2016/05/16 v1.4 Define keys (HO)
))
("C:\Program Files\MiKTeX 2.9\tex\latex\oberdiek\kvoptions.sty"
Package: kvoptions 2016/05/16 v3.12 Key value format for package options (HO)

("C:\Program Files\MiKTeX 2.9\tex\generic\oberdiek\kvsetkeys.sty"
Package: kvsetkeys 2016/05/16 v1.17 Key value parser (HO)

("C:\Program Files\MiKTeX 2.9\tex\generic\oberdiek\etexcmds.sty"
Package: etexcmds 2016/05/16 v1.6 Avoid name clashes with e-TeX commands (HO)
Package etexcmds Info: Could not find \expanded.
(etexcmds)             That can mean that you are not using pdfTeX 1.50 or
(etexcmds)             that some package has redefined \expanded.
(etexcmds)             In the latter case, load this package earlier.
)))
Package grfext Info: Graphics extension search list:
(grfext)             [.png,.pdf,.jpg,.mps,.jpeg,.jbig2,.jb2,.PNG,.PDF,.JPG,.JPE
G,.JBIG2,.JB2,.eps]
(grfext)             \AppendGraphicsExtensions on input line 456.
)
\AtBeginShipoutBox=\box35

("C:\Program Files\MiKTeX 2.9\tex\latex\oberdiek\pdflscape.sty"
Package: pdflscape 2016/05/14 v0.11 Display of landscape pages in PDF (HO)

("C:\Program Files\MiKTeX 2.9\tex\latex\graphics\lscape.sty"
Package: lscape 2000/10/22 v3.01 Landscape Pages (DPC)
)
Package pdflscape Info: Auto-detected driver: pdftex on input line 81.

("C:\Program Files\MiKTeX 2.9\tex\generic\ifxetex\ifxetex.sty"
Package: ifxetex 2010/09/12 v0.6 Provides ifxetex conditional
))
LaTeX Font Info:    Try loading font information for T1+cmss on input line 127.


("C:\Program Files\MiKTeX 2.9\tex\latex\base\t1cmss.fd"
File: t1cmss.fd 2014/09/29 v2.5h Standard LaTeX font definitions
)
LaTeX Font Info:    Try loading font information for FML+futmi on input line 12
7.

("C:\Program Files\MiKTeX 2.9\tex\latex\fourier\fmlfutmi.fd"
File: fmlfutmi.fd 2004/10/30 Fontinst v1.926 font definitions for FML/futmi.
)
LaTeX Font Info:    Font shape `FMX/futm/m/n' will be
(Font)              scaled to size 15.89755pt on input line 127.
LaTeX Font Info:    Font shape `FMX/futm/m/n' will be
(Font)              scaled to size 11.03998pt on input line 127.
LaTeX Font Info:    Font shape `FMX/futm/m/n' will be
(Font)              scaled to size 8.27998pt on input line 127.
LaTeX Font Info:    Font shape `U/futm/m/n' will be
(Font)              scaled to size 15.89755pt on input line 127.
LaTeX Font Info:    Font shape `U/futm/m/n' will be
(Font)              scaled to size 11.03998pt on input line 127.
LaTeX Font Info:    Font shape `U/futm/m/n' will be
(Font)              scaled to size 8.27998pt on input line 127.
LaTeX Font Info:    Try loading font information for U+msa on input line 127.

("C:\Program Files\MiKTeX 2.9\tex\latex\amsfonts\umsa.fd"
File: umsa.fd 2013/01/14 v3.01 AMS symbols A
)
LaTeX Font Info:    Try loading font information for U+msb on input line 127.

("C:\Program Files\MiKTeX 2.9\tex\latex\amsfonts\umsb.fd"
File: umsb.fd 2013/01/14 v3.01 AMS symbols B
)
LaTeX Font Info:    Try loading font information for T1+cmtt on input line 138.


("C:\Program Files\MiKTeX 2.9\tex\latex\base\t1cmtt.fd"
File: t1cmtt.fd 2014/09/29 v2.5h Standard LaTeX font definitions
)
Overfull \hbox (34.25145pt too wide) in paragraph at lines 138--139
\T1/futs/m/n/12 The course codes were trimmed so that they only out-put scaled 
ka-pur data (func-tion \T1/cmtt/m/n/12 scaleKapur\T1/futs/m/n/12 ).
 []

Package color Info: Redefining color shadecolor on input line 141.
LaTeX Font Info:    Font shape `T1/cmtt/bx/n' in size <12> not available
(Font)              Font shape `T1/cmtt/m/n' tried instead on input line 144.
LaTeX Font Info:    Try loading font information for TS1+cmtt on input line 155
.
("C:\Program Files\MiKTeX 2.9\tex\latex\base\ts1cmtt.fd"
File: ts1cmtt.fd 2014/09/29 v2.5h Standard LaTeX font definitions
) [1


{C:/ProgramData/MiKTeX/2.9/pdftex/config/pdftex.map}]
Package color Info: Redefining color shadecolor on input line 169.
Package color Info: Redefining color shadecolor on input line 206.
 [2]
Package color Info: Redefining color shadecolor on input line 240.
Package color Info: Redefining color shadecolor on input line 261.
 [3]
Package color Info: Redefining color shadecolor on input line 277.
Package color Info: Redefining color shadecolor on input line 288.

Overfull \hbox (39.57495pt too wide) in paragraph at lines 299--299
[]                     []\T1/cmtt/m/n/12 scale_colour_manual[]([]""[],values=[]
c[]([]"darkgreen"[],[]"blue"[],[]"red"[]))[] 
 []

<LDAfit.pdf, id=15, 505.89pt x 505.89pt>
File: LDAfit.pdf Graphic file (type pdf)
 <use LDAfit.pdf>
Package pdftex.def Info: LDAfit.pdf used on input line 316.
(pdftex.def)             Requested size: 448.13095pt x 448.14104pt.

<prior-likelihood.pdf, id=16, 505.89pt x 505.89pt>
File: prior-likelihood.pdf Graphic file (type pdf)
 <use prior-likelihood.pdf>
Package pdftex.def Info: prior-likelihood.pdf used on input line 322.
(pdftex.def)             Requested size: 505.88875pt x 505.88875pt.
File: prior-likelihood.pdf Graphic file (type pdf)

<use prior-likelihood.pdf>
Package pdftex.def Info: prior-likelihood.pdf used on input line 322.
(pdftex.def)             Requested size: 505.88875pt x 505.88875pt.
File: prior-likelihood.pdf Graphic file (type pdf)
 <use prior-likelihood.pdf>
Package pdftex.def Info: prior-likelihood.pdf used on input line 322.
(pdftex.def)             Requested size: 505.88875pt x 505.88875pt.

<prior-likelihood.pdf, id=20, page=1, 505.89pt x 505.89pt>
File: prior-likelihood.pdf Graphic file (type pdf)

<use prior-likelihood.pdf, page 1>
Package pdftex.def Info: prior-likelihood.pdf, page1 used on input line 322.
(pdftex.def)             Requested size: 505.88875pt x 505.88875pt.
File: prior-likelihood.pdf Graphic file (type pdf)
 <use prior-likelihood.pdf, page 1>
Package pdftex.def Info: prior-likelihood.pdf, page1 used on input line 322.
(pdftex.def)             Requested size: 598.55833pt x 598.55833pt.
 [4]
File: prior-likelihood.pdf Graphic file (type pdf)

<use prior-likelihood.pdf, page 1>
Package pdftex.def Info: prior-likelihood.pdf, page1 used on input line 322.
(pdftex.def)             Requested size: 598.55833pt x 598.55833pt.
File: prior-likelihood.pdf Graphic file (type pdf)
 <use prior-likelihood.pdf, page 1>
Package pdftex.def Info: prior-likelihood.pdf, page1 used on input line 322.
(pdftex.def)             Requested size: 598.55833pt x 598.55833pt.
File: prior-likelihood.pdf Graphic file (type pdf)

<use prior-likelihood.pdf, page 1>
Package pdftex.def Info: prior-likelihood.pdf, page1 used on input line 322.
(pdftex.def)             Requested size: 598.55833pt x 598.55833pt.
 [5 <./prior-likelihood.pdf>]
<prior-likelihood.pdf, id=32, page=2, 505.89pt x 505.89pt>
File: prior-likelihood.pdf Graphic file (type pdf)

<use prior-likelihood.pdf, page 2>
Package pdftex.def Info: prior-likelihood.pdf, page2 used on input line 322.
(pdftex.def)             Requested size: 598.55833pt x 598.55833pt.
File: prior-likelihood.pdf Graphic file (type pdf)
 <use prior-likelihood.pdf, page 2>
Package pdftex.def Info: prior-likelihood.pdf, page2 used on input line 322.
(pdftex.def)             Requested size: 598.55833pt x 598.55833pt.
File: prior-likelihood.pdf Graphic file (type pdf)

<use prior-likelihood.pdf, page 2>
Package pdftex.def Info: prior-likelihood.pdf, page2 used on input line 322.
(pdftex.def)             Requested size: 598.55833pt x 598.55833pt.
 [6 <./prior-likelihood.pdf

pdfTeX warning: pdflatex.exe (file ./prior-likelihood.pdf): PDF inclusion: /Res
ources missing. 'This practice is not recommended' (PDF Ref)
>] [7 <./LDAfit.pdf>] <posterior.pdf, id=46, 505.89pt x 505.89pt>
File: posterior.pdf Graphic file (type pdf)

<use posterior.pdf>
Package pdftex.def Info: posterior.pdf used on input line 324.
(pdftex.def)             Requested size: 505.88875pt x 505.88875pt.
File: posterior.pdf Graphic file (type pdf)
 <use posterior.pdf>
Package pdftex.def Info: posterior.pdf used on input line 324.
(pdftex.def)             Requested size: 505.88875pt x 505.88875pt.
File: posterior.pdf Graphic file (type pdf)
 <use posterior.pdf>
Package pdftex.def Info: posterior.pdf used on input line 324.
(pdftex.def)             Requested size: 505.88875pt x 505.88875pt.
File: posterior.pdf Graphic file (type pdf)

<use posterior.pdf>
Package pdftex.def Info: posterior.pdf used on input line 324.
(pdftex.def)             Requested size: 505.88875pt x 505.88875pt.
File: posterior.pdf Graphic file (type pdf)
 <use posterior.pdf>
Package pdftex.def Info: posterior.pdf used on input line 324.
(pdftex.def)             Requested size: 505.88875pt x 505.88875pt.

<posterior.pdf, id=52, page=1, 505.89pt x 505.89pt>
File: posterior.pdf Graphic file (type pdf)

<use posterior.pdf, page 1>
Package pdftex.def Info: posterior.pdf, page1 used on input line 324.
(pdftex.def)             Requested size: 537.75577pt x 537.76924pt.
File: posterior.pdf Graphic file (type pdf)
 <use posterior.pdf, page 1>
Package pdftex.def Info: posterior.pdf, page1 used on input line 324.
(pdftex.def)             Requested size: 562.88768pt x 562.88768pt.
File: posterior.pdf Graphic file (type pdf)

<use posterior.pdf, page 1>
Package pdftex.def Info: posterior.pdf, page1 used on input line 324.
(pdftex.def)             Requested size: 562.88768pt x 562.88768pt.
File: posterior.pdf Graphic file (type pdf)
 <use posterior.pdf, page 1>
Package pdftex.def Info: posterior.pdf, page1 used on input line 324.
(pdftex.def)             Requested size: 562.88768pt x 562.88768pt.
File: posterior.pdf Graphic file (type pdf)

<use posterior.pdf, page 1>
Package pdftex.def Info: posterior.pdf, page1 used on input line 324.
(pdftex.def)             Requested size: 562.88768pt x 562.88768pt.
 [8 <./posterior.pdf>]
<posterior.pdf, id=61, page=2, 505.89pt x 505.89pt>
File: posterior.pdf Graphic file (type pdf)

<use posterior.pdf, page 2>
Package pdftex.def Info: posterior.pdf, page2 used on input line 324.
(pdftex.def)             Requested size: 562.88768pt x 562.88768pt.
File: posterior.pdf Graphic file (type pdf)
 <use posterior.pdf, page 2>
Package pdftex.def Info: posterior.pdf, page2 used on input line 324.
(pdftex.def)             Requested size: 562.88768pt x 562.88768pt.
File: posterior.pdf Graphic file (type pdf)

<use posterior.pdf, page 2>
Package pdftex.def Info: posterior.pdf, page2 used on input line 324.
(pdftex.def)             Requested size: 562.88768pt x 562.88768pt.
 [9 <./posterior.pdf>]
<posterior.pdf, id=65, page=3, 505.89pt x 505.89pt>
File: posterior.pdf Graphic file (type pdf)

<use posterior.pdf, page 3>
Package pdftex.def Info: posterior.pdf, page3 used on input line 324.
(pdftex.def)             Requested size: 562.88768pt x 562.88768pt.
File: posterior.pdf Graphic file (type pdf)
 <use posterior.pdf, page 3>
Package pdftex.def Info: posterior.pdf, page3 used on input line 324.
(pdftex.def)             Requested size: 562.88768pt x 562.88768pt.
File: posterior.pdf Graphic file (type pdf)

<use posterior.pdf, page 3>
Package pdftex.def Info: posterior.pdf, page3 used on input line 324.
(pdftex.def)             Requested size: 562.88768pt x 562.88768pt.
 [10 <./posterior.pdf>]
<posterior.pdf, id=69, page=4, 505.89pt x 505.89pt>
File: posterior.pdf Graphic file (type pdf)

<use posterior.pdf, page 4>
Package pdftex.def Info: posterior.pdf, page4 used on input line 324.
(pdftex.def)             Requested size: 562.88768pt x 562.88768pt.
File: posterior.pdf Graphic file (type pdf)
 <use posterior.pdf, page 4>
Package pdftex.def Info: posterior.pdf, page4 used on input line 324.
(pdftex.def)             Requested size: 562.88768pt x 562.88768pt.
File: posterior.pdf Graphic file (type pdf)

<use posterior.pdf, page 4>
Package pdftex.def Info: posterior.pdf, page4 used on input line 324.
(pdftex.def)             Requested size: 562.88768pt x 562.88768pt.
 [11 <./posterior.pdf>]
Package color Info: Redefining color shadecolor on input line 342.

Overfull \hbox (8.70749pt too wide) in paragraph at lines 348--348
[]\T1/cmtt/m/n/12 costs <- []list[](Queue=0,Drill=-25,FinishedDrill=0,Complete=
-25,Produce=-0.1,[] 
 []

LaTeX Font Info:    Font shape `T1/futs/bx/n' in size <12> not available
(Font)              Font shape `T1/futs/b/n' tried instead on input line 360.
Package color Info: Redefining color shadecolor on input line 395.
Package color Info: Redefining color shadecolor on input line 415.
[12] [13]
Package color Info: Redefining color shadecolor on input line 427.
Package color Info: Redefining color shadecolor on input line 443.
Package color Info: Redefining color shadecolor on input line 467.
 [14]
Package color Info: Redefining color shadecolor on input line 480.
Package color Info: Redefining color shadecolor on input line 507.
Package color Info: Redefining color shadecolor on input line 522.
Package color Info: Redefining color shadecolor on input line 535.
 [15]
Package color Info: Redefining color shadecolor on input line 548.
Package color Info: Redefining color shadecolor on input line 560.
LaTeX Font Info:    Font shape `FMX/futm/m/n' will be
(Font)              scaled to size 6.43999pt on input line 576.
LaTeX Font Info:    Font shape `U/futm/m/n' will be
(Font)              scaled to size 6.43999pt on input line 576.
 <simulationPlot.pdf, id=87, 505.89pt x 505.89pt>
File: simulationPlot.pdf Graphic file (type pdf)

<use simulationPlot.pdf>
Package pdftex.def Info: simulationPlot.pdf used on input line 581.
(pdftex.def)             Requested size: 505.88875pt x 505.88875pt.
File: simulationPlot.pdf Graphic file (type pdf)
 <use simulationPlot.pdf>
Package pdftex.def Info: simulationPlot.pdf used on input line 581.
(pdftex.def)             Requested size: 505.88875pt x 505.88875pt.
File: simulationPlot.pdf Graphic file (type pdf)
 <use simulationPlot.pdf>
Package pdftex.def Info: simulationPlot.pdf used on input line 581.
(pdftex.def)             Requested size: 505.88875pt x 505.88875pt.
File: simulationPlot.pdf Graphic file (type pdf)

<use simulationPlot.pdf>
Package pdftex.def Info: simulationPlot.pdf used on input line 581.
(pdftex.def)             Requested size: 505.88875pt x 505.88875pt.

<simulationPlot.pdf, id=92, page=1, 505.89pt x 505.89pt>
File: simulationPlot.pdf Graphic file (type pdf)

<use simulationPlot.pdf, page 1>
Package pdftex.def Info: simulationPlot.pdf, page1 used on input line 581.
(pdftex.def)             Requested size: 505.88875pt x 505.88875pt.
File: simulationPlot.pdf Graphic file (type pdf)
 <use simulationPlot.pdf, page 1>
Package pdftex.def Info: simulationPlot.pdf, page1 used on input line 581.
(pdftex.def)             Requested size: 598.55833pt x 598.55833pt.
 [16]
File: simulationPlot.pdf Graphic file (type pdf)

<use simulationPlot.pdf, page 1>
Package pdftex.def Info: simulationPlot.pdf, page1 used on input line 581.
(pdftex.def)             Requested size: 598.55833pt x 598.55833pt.
File: simulationPlot.pdf Graphic file (type pdf)
 <use simulationPlot.pdf, page 1>
Package pdftex.def Info: simulationPlot.pdf, page1 used on input line 581.
(pdftex.def)             Requested size: 598.55833pt x 598.55833pt.
File: simulationPlot.pdf Graphic file (type pdf)

<use simulationPlot.pdf, page 1>
Package pdftex.def Info: simulationPlot.pdf, page1 used on input line 581.
(pdftex.def)             Requested size: 598.55833pt x 598.55833pt.
 [17 <./simulationPlot.pdf>]
<simulationPlot.pdf, id=105, page=2, 505.89pt x 505.89pt>
File: simulationPlot.pdf Graphic file (type pdf)

<use simulationPlot.pdf, page 2>
Package pdftex.def Info: simulationPlot.pdf, page2 used on input line 581.
(pdftex.def)             Requested size: 598.55833pt x 598.55833pt.
File: simulationPlot.pdf Graphic file (type pdf)
 <use simulationPlot.pdf, page 2>
Package pdftex.def Info: simulationPlot.pdf, page2 used on input line 581.
(pdftex.def)             Requested size: 598.55833pt x 598.55833pt.
File: simulationPlot.pdf Graphic file (type pdf)

<use simulationPlot.pdf, page 2>
Package pdftex.def Info: simulationPlot.pdf, page2 used on input line 581.
(pdftex.def)             Requested size: 598.55833pt x 598.55833pt.
 [18 <./simulationPlot.pdf>]
<simulationPlot.pdf, id=109, page=3, 505.89pt x 505.89pt>
File: simulationPlot.pdf Graphic file (type pdf)

<use simulationPlot.pdf, page 3>
Package pdftex.def Info: simulationPlot.pdf, page3 used on input line 581.
(pdftex.def)             Requested size: 598.55833pt x 598.55833pt.
File: simulationPlot.pdf Graphic file (type pdf)
 <use simulationPlot.pdf, page 3>
Package pdftex.def Info: simulationPlot.pdf, page3 used on input line 581.
(pdftex.def)             Requested size: 598.55833pt x 598.55833pt.
File: simulationPlot.pdf Graphic file (type pdf)

<use simulationPlot.pdf, page 3>
Package pdftex.def Info: simulationPlot.pdf, page3 used on input line 581.
(pdftex.def)             Requested size: 598.55833pt x 598.55833pt.
 [19 <./simulationPlot.pdf>]
<vioplot.pdf, id=114, 505.89pt x 505.89pt>
File: vioplot.pdf Graphic file (type pdf)
 <use vioplot.pdf>
Package pdftex.def Info: vioplot.pdf used on input line 591.
(pdftex.def)             Requested size: 448.13095pt x 448.14104pt.


LaTeX Warning: Float too large for page by 13.99107pt on input line 596.

[20 <./vioplot.pdf>] (Report.aux)

LaTeX Warning: There were multiply-defined labels.

 ) 
Here is how much of TeX's memory you used:
 7332 strings out of 493335
 113410 string characters out of 3139252
 365779 words of memory out of 3000000
 10648 multiletter control sequences out of 15000+200000
 90962 words of font info for 90 fonts, out of 3000000 for 9000
 1141 hyphenation exceptions out of 8191
 47i,18n,51p,8564b,647s stack positions out of 5000i,500n,10000p,200000b,50000s
{C:/Program Files/MiKTeX 2.9/fonts/enc/dvips/fontname/8r.enc}{C:/Program File
s/MiKTeX 2.9/fonts/enc/dvips/cm-super/cm-super-ts1.enc}{C:/Program Files/MiKTeX
 2.9/fonts/enc/dvips/cm-super/cm-super-t1.enc}<C:/Program Files/MiKTeX 2.9/font
s/type1/adobe/utopia/putb8a.pfb><C:/Program Files/MiKTeX 2.9/fonts/type1/adobe/
utopia/putr8a.pfb><C:/Program Files/MiKTeX 2.9/fonts/type1/adobe/utopia/putri8a
.pfb><C:/Program Files/MiKTeX 2.9/fonts/type1/public/cm-super/sftt1200.pfb>
Output written on Report.pdf (20 pages, 251155 bytes).
PDF statistics:
 146 PDF objects out of 1000 (max. 8388607)
 0 named destinations out of 1000 (max. 500000)
 131 words of extra memory for PDF output out of 10000 (max. 10000000)

